#! /usr/local/bin/vvp
:ivl_version "12.0 (stable)";
:ivl_delay_selection "TYPICAL";
:vpi_time_precision + 0;
:vpi_module "/usr/local/lib/ivl/system.vpi";
:vpi_module "/usr/local/lib/ivl/vhdl_sys.vpi";
:vpi_module "/usr/local/lib/ivl/vhdl_textio.vpi";
:vpi_module "/usr/local/lib/ivl/v2005_math.vpi";
:vpi_module "/usr/local/lib/ivl/va_math.vpi";
:vpi_module "/usr/local/lib/ivl/v2009.vpi";
S_0x36112340 .scope package, "$unit" "$unit" 2 1;
 .timescale 0 0;
S_0x361124d0 .scope module, "tb_dff_async_reset" "tb_dff_async_reset" 3 3;
 .timescale 0 0;
v0x36126280_0 .var "clk", 0 0;
v0x36126340_0 .var "d", 0 0;
v0x36126410_0 .net "q", 0 0, v0x36126040_0;  1 drivers
v0x36126510_0 .var "reset", 0 0;
S_0x360ed580 .scope module, "uut" "dff_async_reset" 3 7, 4 2 0, S_0x361124d0;
 .timescale 0 0;
    .port_info 0 /INPUT 1 "clk";
    .port_info 1 /INPUT 1 "reset";
    .port_info 2 /INPUT 1 "d";
    .port_info 3 /OUTPUT 1 "q";
v0x36112b00_0 .net "clk", 0 0, v0x36126280_0;  1 drivers
v0x36125f80_0 .net "d", 0 0, v0x36126340_0;  1 drivers
v0x36126040_0 .var "q", 0 0;
v0x36126110_0 .net "reset", 0 0, v0x36126510_0;  1 drivers
E_0x360ed7d0 .event posedge, v0x36126110_0, v0x36112b00_0;
    .scope S_0x360ed580;
T_0 ;
    %wait E_0x360ed7d0;
    %load/vec4 v0x36126110_0;
    %flag_set/vec4 8;
    %jmp/0xz  T_0.0, 8;
    %pushi/vec4 0, 0, 1;
    %assign/vec4 v0x36126040_0, 0;
    %jmp T_0.1;
T_0.0 ;
    %load/vec4 v0x36125f80_0;
    %assign/vec4 v0x36126040_0, 0;
T_0.1 ;
    %jmp T_0;
    .thread T_0;
    .scope S_0x361124d0;
T_1 ;
    %pushi/vec4 0, 0, 1;
    %store/vec4 v0x36126280_0, 0, 1;
T_1.0 ;
    %delay 5, 0;
    %load/vec4 v0x36126280_0;
    %inv;
    %store/vec4 v0x36126280_0, 0, 1;
    %jmp T_1.0;
    %end;
    .thread T_1;
    .scope S_0x361124d0;
T_2 ;
    %vpi_call/w 3 22 "$display", "Time\011clk\011reset\011d\011q" {0 0 0};
    %vpi_call/w 3 23 "$monitor", "%0t\011%b\011%b\011%b\011%b", $time, v0x36126280_0, v0x36126510_0, v0x36126340_0, v0x36126410_0 {0 0 0};
    %pushi/vec4 1, 0, 1;
    %store/vec4 v0x36126510_0, 0, 1;
    %pushi/vec4 0, 0, 1;
    %store/vec4 v0x36126340_0, 0, 1;
    %delay 10, 0;
    %pushi/vec4 0, 0, 1;
    %store/vec4 v0x36126510_0, 0, 1;
    %pushi/vec4 1, 0, 1;
    %store/vec4 v0x36126340_0, 0, 1;
    %delay 10, 0;
    %pushi/vec4 0, 0, 1;
    %store/vec4 v0x36126340_0, 0, 1;
    %delay 10, 0;
    %pushi/vec4 1, 0, 1;
    %store/vec4 v0x36126510_0, 0, 1;
    %delay 7, 0;
    %pushi/vec4 0, 0, 1;
    %store/vec4 v0x36126510_0, 0, 1;
    %pushi/vec4 1, 0, 1;
    %store/vec4 v0x36126340_0, 0, 1;
    %delay 10, 0;
    %vpi_call/w 3 32 "$finish" {0 0 0};
    %end;
    .thread T_2;
# The file index is used to find the file name in the following table.
:file_names 5;
    "N/A";
    "<interactive>";
    "-";
    "testbench.sv";
    "design.sv";
